2010-07-09T14:12:30+03:00 NOTICE (5): FROM: 127.0.0.1. 
MESSAGE: Invalid controller specified (auto_translate.js). 
STACK TRACE:
#0 D:\xampp\www\site\library\Zend\Controller\Front.php(946): Zend_Controller_Dispatcher_Standard->dispatch(Object(Zend_Controller_Request_Http), Object(Zend_Controller_Response_Http))
#1 D:\xampp\www\site\library\Zend\Application\Bootstrap\Bootstrap.php(77): Zend_Controller_Front->dispatch()
#2 D:\xampp\www\site\library\Zend\Application.php(358): Zend_Application_Bootstrap_Bootstrap->run()
#3 D:\xampp\www\site\www\index.php(30): Zend_Application->run()
#4 {main}
2010-07-09T14:12:31+03:00 NOTICE (5): FROM: 127.0.0.1. 
MESSAGE: SQLSTATE[42S22]: Column not found: 1054 Unknown column 'users_usr.gravatar_usr' in 'field list'. 
STACK TRACE:
#0 D:\xampp\www\site\library\Zend\Db\Statement.php(300): Zend_Db_Statement_Pdo->_execute(Array)
#1 D:\xampp\www\site\library\Zend\Db\Adapter\Abstract.php(468): Zend_Db_Statement->execute(Array)
#2 D:\xampp\www\site\library\Zend\Db\Adapter\Pdo\Abstract.php(238): Zend_Db_Adapter_Abstract->query(Object(Zend_Db_Table_Select), Array)
#3 D:\xampp\www\site\library\Zend\Db\Adapter\Abstract.php(725): Zend_Db_Adapter_Pdo_Abstract->query(Object(Zend_Db_Table_Select), Array)
#4 D:\xampp\www\site\application\models\User.php(1439): Zend_Db_Adapter_Abstract->fetchRow(Object(Zend_Db_Table_Select))
#5 D:\xampp\www\site\application\controllers\AccountController.php(72): Default_Model_User->getGravatarStatus('1')
#6 D:\xampp\www\site\library\Zend\Controller\Action.php(513): AccountController->profilethumbAction()
#7 D:\xampp\www\site\library\Zend\Controller\Dispatcher\Standard.php(289): Zend_Controller_Action->dispatch('profilethumbAct...')
#8 D:\xampp\www\site\library\Zend\Controller\Front.php(946): Zend_Controller_Dispatcher_Standard->dispatch(Object(Zend_Controller_Request_Http), Object(Zend_Controller_Response_Http))
#9 D:\xampp\www\site\library\Zend\Application\Bootstrap\Bootstrap.php(77): Zend_Controller_Front->dispatch()
#10 D:\xampp\www\site\library\Zend\Application.php(358): Zend_Application_Bootstrap_Bootstrap->run()
#11 D:\xampp\www\site\www\index.php(30): Zend_Application->run()
#12 {main}
2010-07-12T08:48:26+03:00 NOTICE (5): FROM: 127.0.0.1. 
MESSAGE: Invalid controller specified (auto_translate.js). 
STACK TRACE:
#0 D:\xampp\www\site\library\Zend\Controller\Front.php(946): Zend_Controller_Dispatcher_Standard->dispatch(Object(Zend_Controller_Request_Http), Object(Zend_Controller_Response_Http))
#1 D:\xampp\www\site\library\Zend\Application\Bootstrap\Bootstrap.php(77): Zend_Controller_Front->dispatch()
#2 D:\xampp\www\site\library\Zend\Application.php(358): Zend_Application_Bootstrap_Bootstrap->run()
#3 D:\xampp\www\site\www\index.php(30): Zend_Application->run()
#4 {main}
2010-07-12T08:48:38+03:00 NOTICE (5): FROM: 127.0.0.1. 
MESSAGE: Invalid controller specified (auto_translate.js). 
STACK TRACE:
#0 D:\xampp\www\site\library\Zend\Controller\Front.php(946): Zend_Controller_Dispatcher_Standard->dispatch(Object(Zend_Controller_Request_Http), Object(Zend_Controller_Response_Http))
#1 D:\xampp\www\site\library\Zend\Application\Bootstrap\Bootstrap.php(77): Zend_Controller_Front->dispatch()
#2 D:\xampp\www\site\library\Zend\Application.php(358): Zend_Application_Bootstrap_Bootstrap->run()
#3 D:\xampp\www\site\www\index.php(30): Zend_Application->run()
#4 {main}
2010-07-12T08:49:18+03:00 NOTICE (5): FROM: 127.0.0.1. 
MESSAGE: Invalid controller specified (auto_translate.js). 
STACK TRACE:
#0 D:\xampp\www\site\library\Zend\Controller\Front.php(946): Zend_Controller_Dispatcher_Standard->dispatch(Object(Zend_Controller_Request_Http), Object(Zend_Controller_Response_Http))
#1 D:\xampp\www\site\library\Zend\Application\Bootstrap\Bootstrap.php(77): Zend_Controller_Front->dispatch()
#2 D:\xampp\www\site\library\Zend\Application.php(358): Zend_Application_Bootstrap_Bootstrap->run()
#3 D:\xampp\www\site\www\index.php(30): Zend_Application->run()
#4 {main}
2010-07-12T08:49:33+03:00 NOTICE (5): FROM: 127.0.0.1. 
MESSAGE: Invalid controller specified (auto_translate.js). 
STACK TRACE:
#0 D:\xampp\www\site\library\Zend\Controller\Front.php(946): Zend_Controller_Dispatcher_Standard->dispatch(Object(Zend_Controller_Request_Http), Object(Zend_Controller_Response_Http))
#1 D:\xampp\www\site\library\Zend\Application\Bootstrap\Bootstrap.php(77): Zend_Controller_Front->dispatch()
#2 D:\xampp\www\site\library\Zend\Application.php(358): Zend_Application_Bootstrap_Bootstrap->run()
#3 D:\xampp\www\site\www\index.php(30): Zend_Application->run()
#4 {main}
2010-07-12T08:49:33+03:00 NOTICE (5): FROM: 127.0.0.1. 
MESSAGE: Invalid controller specified (auto_translate.js). 
STACK TRACE:
#0 D:\xampp\www\site\library\Zend\Controller\Front.php(946): Zend_Controller_Dispatcher_Standard->dispatch(Object(Zend_Controller_Request_Http), Object(Zend_Controller_Response_Http))
#1 D:\xampp\www\site\library\Zend\Application\Bootstrap\Bootstrap.php(77): Zend_Controller_Front->dispatch()
#2 D:\xampp\www\site\library\Zend\Application.php(358): Zend_Application_Bootstrap_Bootstrap->run()
#3 D:\xampp\www\site\www\index.php(30): Zend_Application->run()
#4 {main}
2010-07-12T08:49:36+03:00 NOTICE (5): FROM: 127.0.0.1. 
MESSAGE: Invalid controller specified (auto_translate.js). 
STACK TRACE:
#0 D:\xampp\www\site\library\Zend\Controller\Front.php(946): Zend_Controller_Dispatcher_Standard->dispatch(Object(Zend_Controller_Request_Http), Object(Zend_Controller_Response_Http))
#1 D:\xampp\www\site\library\Zend\Application\Bootstrap\Bootstrap.php(77): Zend_Controller_Front->dispatch()
#2 D:\xampp\www\site\library\Zend\Application.php(358): Zend_Application_Bootstrap_Bootstrap->run()
#3 D:\xampp\www\site\www\index.php(30): Zend_Application->run()
#4 {main}
2010-07-12T08:49:37+03:00 NOTICE (5): FROM: 127.0.0.1. 
MESSAGE: Invalid controller specified (submit.jpg). 
STACK TRACE:
#0 D:\xampp\www\site\library\Zend\Controller\Front.php(946): Zend_Controller_Dispatcher_Standard->dispatch(Object(Zend_Controller_Request_Http), Object(Zend_Controller_Response_Http))
#1 D:\xampp\www\site\library\Zend\Application\Bootstrap\Bootstrap.php(77): Zend_Controller_Front->dispatch()
#2 D:\xampp\www\site\library\Zend\Application.php(358): Zend_Application_Bootstrap_Bootstrap->run()
#3 D:\xampp\www\site\www\index.php(30): Zend_Application->run()
#4 {main}
2010-07-12T08:49:55+03:00 NOTICE (5): FROM: 127.0.0.1. 
MESSAGE: Invalid controller specified (auto_translate.js). 
STACK TRACE:
#0 D:\xampp\www\site\library\Zend\Controller\Front.php(946): Zend_Controller_Dispatcher_Standard->dispatch(Object(Zend_Controller_Request_Http), Object(Zend_Controller_Response_Http))
#1 D:\xampp\www\site\library\Zend\Application\Bootstrap\Bootstrap.php(77): Zend_Controller_Front->dispatch()
#2 D:\xampp\www\site\library\Zend\Application.php(358): Zend_Application_Bootstrap_Bootstrap->run()
#3 D:\xampp\www\site\www\index.php(30): Zend_Application->run()
#4 {main}
2010-07-12T08:50:00+03:00 NOTICE (5): FROM: 127.0.0.1. 
MESSAGE: Invalid controller specified (auto_translate.js). 
STACK TRACE:
#0 D:\xampp\www\site\library\Zend\Controller\Front.php(946): Zend_Controller_Dispatcher_Standard->dispatch(Object(Zend_Controller_Request_Http), Object(Zend_Controller_Response_Http))
#1 D:\xampp\www\site\library\Zend\Application\Bootstrap\Bootstrap.php(77): Zend_Controller_Front->dispatch()
#2 D:\xampp\www\site\library\Zend\Application.php(358): Zend_Application_Bootstrap_Bootstrap->run()
#3 D:\xampp\www\site\www\index.php(30): Zend_Application->run()
#4 {main}
2010-07-12T08:50:04+03:00 NOTICE (5): FROM: 127.0.0.1. 
MESSAGE: Invalid controller specified (auto_translate.js). 
STACK TRACE:
#0 D:\xampp\www\site\library\Zend\Controller\Front.php(946): Zend_Controller_Dispatcher_Standard->dispatch(Object(Zend_Controller_Request_Http), Object(Zend_Controller_Response_Http))
#1 D:\xampp\www\site\library\Zend\Application\Bootstrap\Bootstrap.php(77): Zend_Controller_Front->dispatch()
#2 D:\xampp\www\site\library\Zend\Application.php(358): Zend_Application_Bootstrap_Bootstrap->run()
#3 D:\xampp\www\site\www\index.php(30): Zend_Application->run()
#4 {main}
2010-07-12T08:50:35+03:00 NOTICE (5): FROM: 127.0.0.1. 
MESSAGE: Invalid controller specified (auto_translate.js). 
STACK TRACE:
#0 D:\xampp\www\site\library\Zend\Controller\Front.php(946): Zend_Controller_Dispatcher_Standard->dispatch(Object(Zend_Controller_Request_Http), Object(Zend_Controller_Response_Http))
#1 D:\xampp\www\site\library\Zend\Application\Bootstrap\Bootstrap.php(77): Zend_Controller_Front->dispatch()
#2 D:\xampp\www\site\library\Zend\Application.php(358): Zend_Application_Bootstrap_Bootstrap->run()
#3 D:\xampp\www\site\www\index.php(30): Zend_Application->run()
#4 {main}
2010-07-12T08:53:03+03:00 NOTICE (5): FROM: 127.0.0.1. 
MESSAGE: Invalid controller specified (auto_translate.js). 
STACK TRACE:
#0 D:\xampp\www\site\library\Zend\Controller\Front.php(946): Zend_Controller_Dispatcher_Standard->dispatch(Object(Zend_Controller_Request_Http), Object(Zend_Controller_Response_Http))
#1 D:\xampp\www\site\library\Zend\Application\Bootstrap\Bootstrap.php(77): Zend_Controller_Front->dispatch()
#2 D:\xampp\www\site\library\Zend\Application.php(358): Zend_Application_Bootstrap_Bootstrap->run()
#3 D:\xampp\www\site\www\index.php(30): Zend_Application->run()
#4 {main}
2010-07-12T08:53:26+03:00 NOTICE (5): FROM: 127.0.0.1. 
MESSAGE: Invalid controller specified (auto_translate.js). 
STACK TRACE:
#0 D:\xampp\www\site\library\Zend\Controller\Front.php(946): Zend_Controller_Dispatcher_Standard->dispatch(Object(Zend_Controller_Request_Http), Object(Zend_Controller_Response_Http))
#1 D:\xampp\www\site\library\Zend\Application\Bootstrap\Bootstrap.php(77): Zend_Controller_Front->dispatch()
#2 D:\xampp\www\site\library\Zend\Application.php(358): Zend_Application_Bootstrap_Bootstrap->run()
#3 D:\xampp\www\site\www\index.php(30): Zend_Application->run()
#4 {main}
2010-07-12T08:53:32+03:00 NOTICE (5): FROM: 127.0.0.1. 
MESSAGE: Invalid controller specified (auto_translate.js). 
STACK TRACE:
#0 D:\xampp\www\site\library\Zend\Controller\Front.php(946): Zend_Controller_Dispatcher_Standard->dispatch(Object(Zend_Controller_Request_Http), Object(Zend_Controller_Response_Http))
#1 D:\xampp\www\site\library\Zend\Application\Bootstrap\Bootstrap.php(77): Zend_Controller_Front->dispatch()
#2 D:\xampp\www\site\library\Zend\Application.php(358): Zend_Application_Bootstrap_Bootstrap->run()
#3 D:\xampp\www\site\www\index.php(30): Zend_Application->run()
#4 {main}
2010-07-12T09:04:11+03:00 NOTICE (5): FROM: 127.0.0.1. 
MESSAGE: Invalid controller specified (auto_translate.js). 
STACK TRACE:
#0 D:\xampp\www\site\library\Zend\Controller\Front.php(946): Zend_Controller_Dispatcher_Standard->dispatch(Object(Zend_Controller_Request_Http), Object(Zend_Controller_Response_Http))
#1 D:\xampp\www\site\library\Zend\Application\Bootstrap\Bootstrap.php(77): Zend_Controller_Front->dispatch()
#2 D:\xampp\www\site\library\Zend\Application.php(358): Zend_Application_Bootstrap_Bootstrap->run()
#3 D:\xampp\www\site\www\index.php(30): Zend_Application->run()
#4 {main}
2010-07-12T09:05:48+03:00 NOTICE (5): FROM: 127.0.0.1. 
MESSAGE: Invalid controller specified (auto_translate.js). 
STACK TRACE:
#0 D:\xampp\www\site\library\Zend\Controller\Front.php(946): Zend_Controller_Dispatcher_Standard->dispatch(Object(Zend_Controller_Request_Http), Object(Zend_Controller_Response_Http))
#1 D:\xampp\www\site\library\Zend\Application\Bootstrap\Bootstrap.php(77): Zend_Controller_Front->dispatch()
#2 D:\xampp\www\site\library\Zend\Application.php(358): Zend_Application_Bootstrap_Bootstrap->run()
#3 D:\xampp\www\site\www\index.php(30): Zend_Application->run()
#4 {main}
2010-07-12T09:05:52+03:00 NOTICE (5): FROM: 127.0.0.1. 
MESSAGE: Invalid controller specified (auto_translate.js). 
STACK TRACE:
#0 D:\xampp\www\site\library\Zend\Controller\Front.php(946): Zend_Controller_Dispatcher_Standard->dispatch(Object(Zend_Controller_Request_Http), Object(Zend_Controller_Response_Http))
#1 D:\xampp\www\site\library\Zend\Application\Bootstrap\Bootstrap.php(77): Zend_Controller_Front->dispatch()
#2 D:\xampp\www\site\library\Zend\Application.php(358): Zend_Application_Bootstrap_Bootstrap->run()
#3 D:\xampp\www\site\www\index.php(30): Zend_Application->run()
#4 {main}
2010-07-12T09:05:55+03:00 NOTICE (5): FROM: 127.0.0.1. 
MESSAGE: Invalid controller specified (auto_translate.js). 
STACK TRACE:
#0 D:\xampp\www\site\library\Zend\Controller\Front.php(946): Zend_Controller_Dispatcher_Standard->dispatch(Object(Zend_Controller_Request_Http), Object(Zend_Controller_Response_Http))
#1 D:\xampp\www\site\library\Zend\Application\Bootstrap\Bootstrap.php(77): Zend_Controller_Front->dispatch()
#2 D:\xampp\www\site\library\Zend\Application.php(358): Zend_Application_Bootstrap_Bootstrap->run()
#3 D:\xampp\www\site\www\index.php(30): Zend_Application->run()
#4 {main}
2010-07-12T09:06:02+03:00 NOTICE (5): FROM: 127.0.0.1. 
MESSAGE: Invalid controller specified (auto_translate.js). 
STACK TRACE:
#0 D:\xampp\www\site\library\Zend\Controller\Front.php(946): Zend_Controller_Dispatcher_Standard->dispatch(Object(Zend_Controller_Request_Http), Object(Zend_Controller_Response_Http))
#1 D:\xampp\www\site\library\Zend\Application\Bootstrap\Bootstrap.php(77): Zend_Controller_Front->dispatch()
#2 D:\xampp\www\site\library\Zend\Application.php(358): Zend_Application_Bootstrap_Bootstrap->run()
#3 D:\xampp\www\site\www\index.php(30): Zend_Application->run()
#4 {main}
2010-07-12T09:06:10+03:00 NOTICE (5): FROM: 127.0.0.1. 
MESSAGE: Invalid controller specified (auto_translate.js). 
STACK TRACE:
#0 D:\xampp\www\site\library\Zend\Controller\Front.php(946): Zend_Controller_Dispatcher_Standard->dispatch(Object(Zend_Controller_Request_Http), Object(Zend_Controller_Response_Http))
#1 D:\xampp\www\site\library\Zend\Application\Bootstrap\Bootstrap.php(77): Zend_Controller_Front->dispatch()
#2 D:\xampp\www\site\library\Zend\Application.php(358): Zend_Application_Bootstrap_Bootstrap->run()
#3 D:\xampp\www\site\www\index.php(30): Zend_Application->run()
#4 {main}
2010-07-12T09:06:13+03:00 NOTICE (5): FROM: 127.0.0.1. 
MESSAGE: Invalid controller specified (auto_translate.js). 
STACK TRACE:
#0 D:\xampp\www\site\library\Zend\Controller\Front.php(946): Zend_Controller_Dispatcher_Standard->dispatch(Object(Zend_Controller_Request_Http), Object(Zend_Controller_Response_Http))
#1 D:\xampp\www\site\library\Zend\Application\Bootstrap\Bootstrap.php(77): Zend_Controller_Front->dispatch()
#2 D:\xampp\www\site\library\Zend\Application.php(358): Zend_Application_Bootstrap_Bootstrap->run()
#3 D:\xampp\www\site\www\index.php(30): Zend_Application->run()
#4 {main}
2010-07-12T09:06:16+03:00 NOTICE (5): FROM: 127.0.0.1. 
MESSAGE: Invalid controller specified (auto_translate.js). 
STACK TRACE:
#0 D:\xampp\www\site\library\Zend\Controller\Front.php(946): Zend_Controller_Dispatcher_Standard->dispatch(Object(Zend_Controller_Request_Http), Object(Zend_Controller_Response_Http))
#1 D:\xampp\www\site\library\Zend\Application\Bootstrap\Bootstrap.php(77): Zend_Controller_Front->dispatch()
#2 D:\xampp\www\site\library\Zend\Application.php(358): Zend_Application_Bootstrap_Bootstrap->run()
#3 D:\xampp\www\site\www\index.php(30): Zend_Application->run()
#4 {main}
2010-07-12T09:06:28+03:00 NOTICE (5): FROM: 127.0.0.1. 
MESSAGE: Invalid controller specified (auto_translate.js). 
STACK TRACE:
#0 D:\xampp\www\site\library\Zend\Controller\Front.php(946): Zend_Controller_Dispatcher_Standard->dispatch(Object(Zend_Controller_Request_Http), Object(Zend_Controller_Response_Http))
#1 D:\xampp\www\site\library\Zend\Application\Bootstrap\Bootstrap.php(77): Zend_Controller_Front->dispatch()
#2 D:\xampp\www\site\library\Zend\Application.php(358): Zend_Application_Bootstrap_Bootstrap->run()
#3 D:\xampp\www\site\www\index.php(30): Zend_Application->run()
#4 {main}
2010-07-12T09:06:31+03:00 NOTICE (5): FROM: 127.0.0.1. 
MESSAGE: Invalid controller specified (auto_translate.js). 
STACK TRACE:
#0 D:\xampp\www\site\library\Zend\Controller\Front.php(946): Zend_Controller_Dispatcher_Standard->dispatch(Object(Zend_Controller_Request_Http), Object(Zend_Controller_Response_Http))
#1 D:\xampp\www\site\library\Zend\Application\Bootstrap\Bootstrap.php(77): Zend_Controller_Front->dispatch()
#2 D:\xampp\www\site\library\Zend\Application.php(358): Zend_Application_Bootstrap_Bootstrap->run()
#3 D:\xampp\www\site\www\index.php(30): Zend_Application->run()
#4 {main}
2010-07-12T09:06:45+03:00 NOTICE (5): FROM: 127.0.0.1. 
MESSAGE: Invalid controller specified (auto_translate.js). 
STACK TRACE:
#0 D:\xampp\www\site\library\Zend\Controller\Front.php(946): Zend_Controller_Dispatcher_Standard->dispatch(Object(Zend_Controller_Request_Http), Object(Zend_Controller_Response_Http))
#1 D:\xampp\www\site\library\Zend\Application\Bootstrap\Bootstrap.php(77): Zend_Controller_Front->dispatch()
#2 D:\xampp\www\site\library\Zend\Application.php(358): Zend_Application_Bootstrap_Bootstrap->run()
#3 D:\xampp\www\site\www\index.php(30): Zend_Application->run()
#4 {main}
2010-07-12T09:10:38+03:00 NOTICE (5): FROM: 127.0.0.1. 
MESSAGE: Invalid controller specified (auto_translate.js). 
STACK TRACE:
#0 D:\xampp\www\site\library\Zend\Controller\Front.php(946): Zend_Controller_Dispatcher_Standard->dispatch(Object(Zend_Controller_Request_Http), Object(Zend_Controller_Response_Http))
#1 D:\xampp\www\site\library\Zend\Application\Bootstrap\Bootstrap.php(77): Zend_Controller_Front->dispatch()
#2 D:\xampp\www\site\library\Zend\Application.php(358): Zend_Application_Bootstrap_Bootstrap->run()
#3 D:\xampp\www\site\www\index.php(30): Zend_Application->run()
#4 {main}
2010-07-12T09:10:38+03:00 NOTICE (5): FROM: 127.0.0.1. 
MESSAGE: Invalid controller specified (submit.jpg). 
STACK TRACE:
#0 D:\xampp\www\site\library\Zend\Controller\Front.php(946): Zend_Controller_Dispatcher_Standard->dispatch(Object(Zend_Controller_Request_Http), Object(Zend_Controller_Response_Http))
#1 D:\xampp\www\site\library\Zend\Application\Bootstrap\Bootstrap.php(77): Zend_Controller_Front->dispatch()
#2 D:\xampp\www\site\library\Zend\Application.php(358): Zend_Application_Bootstrap_Bootstrap->run()
#3 D:\xampp\www\site\www\index.php(30): Zend_Application->run()
#4 {main}
2010-07-12T09:10:46+03:00 NOTICE (5): FROM: 127.0.0.1. 
MESSAGE: Invalid controller specified (auto_translate.js). 
STACK TRACE:
#0 D:\xampp\www\site\library\Zend\Controller\Front.php(946): Zend_Controller_Dispatcher_Standard->dispatch(Object(Zend_Controller_Request_Http), Object(Zend_Controller_Response_Http))
#1 D:\xampp\www\site\library\Zend\Application\Bootstrap\Bootstrap.php(77): Zend_Controller_Front->dispatch()
#2 D:\xampp\www\site\library\Zend\Application.php(358): Zend_Application_Bootstrap_Bootstrap->run()
#3 D:\xampp\www\site\www\index.php(30): Zend_Application->run()
#4 {main}
2010-07-12T09:10:47+03:00 NOTICE (5): FROM: 127.0.0.1. 
MESSAGE: Invalid controller specified (submit.jpg). 
STACK TRACE:
#0 D:\xampp\www\site\library\Zend\Controller\Front.php(946): Zend_Controller_Dispatcher_Standard->dispatch(Object(Zend_Controller_Request_Http), Object(Zend_Controller_Response_Http))
#1 D:\xampp\www\site\library\Zend\Application\Bootstrap\Bootstrap.php(77): Zend_Controller_Front->dispatch()
#2 D:\xampp\www\site\library\Zend\Application.php(358): Zend_Application_Bootstrap_Bootstrap->run()
#3 D:\xampp\www\site\www\index.php(30): Zend_Application->run()
#4 {main}
2010-07-12T09:11:38+03:00 NOTICE (5): FROM: 127.0.0.1. 
MESSAGE: Invalid controller specified (auto_translate.js). 
STACK TRACE:
#0 D:\xampp\www\site\library\Zend\Controller\Front.php(946): Zend_Controller_Dispatcher_Standard->dispatch(Object(Zend_Controller_Request_Http), Object(Zend_Controller_Response_Http))
#1 D:\xampp\www\site\library\Zend\Application\Bootstrap\Bootstrap.php(77): Zend_Controller_Front->dispatch()
#2 D:\xampp\www\site\library\Zend\Application.php(358): Zend_Application_Bootstrap_Bootstrap->run()
#3 D:\xampp\www\site\www\index.php(30): Zend_Application->run()
#4 {main}
2010-07-12T09:11:38+03:00 NOTICE (5): FROM: 127.0.0.1. 
MESSAGE: Invalid controller specified (submit.jpg). 
STACK TRACE:
#0 D:\xampp\www\site\library\Zend\Controller\Front.php(946): Zend_Controller_Dispatcher_Standard->dispatch(Object(Zend_Controller_Request_Http), Object(Zend_Controller_Response_Http))
#1 D:\xampp\www\site\library\Zend\Application\Bootstrap\Bootstrap.php(77): Zend_Controller_Front->dispatch()
#2 D:\xampp\www\site\library\Zend\Application.php(358): Zend_Application_Bootstrap_Bootstrap->run()
#3 D:\xampp\www\site\www\index.php(30): Zend_Application->run()
#4 {main}
2010-07-12T09:11:41+03:00 NOTICE (5): FROM: 127.0.0.1. 
MESSAGE: Invalid controller specified (auto_translate.js). 
STACK TRACE:
#0 D:\xampp\www\site\library\Zend\Controller\Front.php(946): Zend_Controller_Dispatcher_Standard->dispatch(Object(Zend_Controller_Request_Http), Object(Zend_Controller_Response_Http))
#1 D:\xampp\www\site\library\Zend\Application\Bootstrap\Bootstrap.php(77): Zend_Controller_Front->dispatch()
#2 D:\xampp\www\site\library\Zend\Application.php(358): Zend_Application_Bootstrap_Bootstrap->run()
#3 D:\xampp\www\site\www\index.php(30): Zend_Application->run()
#4 {main}
2010-07-12T09:11:55+03:00 NOTICE (5): FROM: 127.0.0.1. 
MESSAGE: Invalid controller specified (auto_translate.js). 
STACK TRACE:
#0 D:\xampp\www\site\library\Zend\Controller\Front.php(946): Zend_Controller_Dispatcher_Standard->dispatch(Object(Zend_Controller_Request_Http), Object(Zend_Controller_Response_Http))
#1 D:\xampp\www\site\library\Zend\Application\Bootstrap\Bootstrap.php(77): Zend_Controller_Front->dispatch()
#2 D:\xampp\www\site\library\Zend\Application.php(358): Zend_Application_Bootstrap_Bootstrap->run()
#3 D:\xampp\www\site\www\index.php(30): Zend_Application->run()
#4 {main}
2010-07-12T09:11:55+03:00 NOTICE (5): FROM: 127.0.0.1. 
MESSAGE: Invalid controller specified (submit.jpg). 
STACK TRACE:
#0 D:\xampp\www\site\library\Zend\Controller\Front.php(946): Zend_Controller_Dispatcher_Standard->dispatch(Object(Zend_Controller_Request_Http), Object(Zend_Controller_Response_Http))
#1 D:\xampp\www\site\library\Zend\Application\Bootstrap\Bootstrap.php(77): Zend_Controller_Front->dispatch()
#2 D:\xampp\www\site\library\Zend\Application.php(358): Zend_Application_Bootstrap_Bootstrap->run()
#3 D:\xampp\www\site\www\index.php(30): Zend_Application->run()
#4 {main}
2010-07-12T09:11:59+03:00 NOTICE (5): FROM: 127.0.0.1. 
MESSAGE: Invalid controller specified (auto_translate.js). 
STACK TRACE:
#0 D:\xampp\www\site\library\Zend\Controller\Front.php(946): Zend_Controller_Dispatcher_Standard->dispatch(Object(Zend_Controller_Request_Http), Object(Zend_Controller_Response_Http))
#1 D:\xampp\www\site\library\Zend\Application\Bootstrap\Bootstrap.php(77): Zend_Controller_Front->dispatch()
#2 D:\xampp\www\site\library\Zend\Application.php(358): Zend_Application_Bootstrap_Bootstrap->run()
#3 D:\xampp\www\site\www\index.php(30): Zend_Application->run()
#4 {main}
2010-07-12T09:11:59+03:00 NOTICE (5): FROM: 127.0.0.1. 
MESSAGE: Invalid controller specified (submit.jpg). 
STACK TRACE:
#0 D:\xampp\www\site\library\Zend\Controller\Front.php(946): Zend_Controller_Dispatcher_Standard->dispatch(Object(Zend_Controller_Request_Http), Object(Zend_Controller_Response_Http))
#1 D:\xampp\www\site\library\Zend\Application\Bootstrap\Bootstrap.php(77): Zend_Controller_Front->dispatch()
#2 D:\xampp\www\site\library\Zend\Application.php(358): Zend_Application_Bootstrap_Bootstrap->run()
#3 D:\xampp\www\site\www\index.php(30): Zend_Application->run()
#4 {main}
2010-07-12T09:12:10+03:00 NOTICE (5): FROM: 127.0.0.1. 
MESSAGE: Invalid controller specified (auto_translate.js). 
STACK TRACE:
#0 D:\xampp\www\site\library\Zend\Controller\Front.php(946): Zend_Controller_Dispatcher_Standard->dispatch(Object(Zend_Controller_Request_Http), Object(Zend_Controller_Response_Http))
#1 D:\xampp\www\site\library\Zend\Application\Bootstrap\Bootstrap.php(77): Zend_Controller_Front->dispatch()
#2 D:\xampp\www\site\library\Zend\Application.php(358): Zend_Application_Bootstrap_Bootstrap->run()
#3 D:\xampp\www\site\www\index.php(30): Zend_Application->run()
#4 {main}
2010-07-12T09:12:10+03:00 NOTICE (5): FROM: 127.0.0.1. 
MESSAGE: Invalid controller specified (submit.jpg). 
STACK TRACE:
#0 D:\xampp\www\site\library\Zend\Controller\Front.php(946): Zend_Controller_Dispatcher_Standard->dispatch(Object(Zend_Controller_Request_Http), Object(Zend_Controller_Response_Http))
#1 D:\xampp\www\site\library\Zend\Application\Bootstrap\Bootstrap.php(77): Zend_Controller_Front->dispatch()
#2 D:\xampp\www\site\library\Zend\Application.php(358): Zend_Application_Bootstrap_Bootstrap->run()
#3 D:\xampp\www\site\www\index.php(30): Zend_Application->run()
#4 {main}
2010-07-12T09:12:14+03:00 NOTICE (5): FROM: 127.0.0.1. 
MESSAGE: Invalid controller specified (auto_translate.js). 
STACK TRACE:
#0 D:\xampp\www\site\library\Zend\Controller\Front.php(946): Zend_Controller_Dispatcher_Standard->dispatch(Object(Zend_Controller_Request_Http), Object(Zend_Controller_Response_Http))
#1 D:\xampp\www\site\library\Zend\Application\Bootstrap\Bootstrap.php(77): Zend_Controller_Front->dispatch()
#2 D:\xampp\www\site\library\Zend\Application.php(358): Zend_Application_Bootstrap_Bootstrap->run()
#3 D:\xampp\www\site\www\index.php(30): Zend_Application->run()
#4 {main}
